<?xml version="1.0" encoding="UTF-8"?>
<!-- Generated by org.testng.reporters.JUnitXMLReporter -->
<testsuite ignored="0" hostname="dj-book" failures="1" tests="24" name="Surefire test" time="51.841" errors="0" timestamp="2024-11-08T10:10:38 IST">
  <testcase classname="api.test.DataDrivenTests" name="testPostUser" time="6.641"/>
  <testcase classname="api.test.DataDrivenTests" name="testPostUser" time="2.038"/>
  <testcase classname="api.test.DataDrivenTests" name="testPostUser" time="1.687"/>
  <testcase classname="api.test.DataDrivenTests" name="testPostUser" time="1.409"/>
  <testcase classname="api.test.DataDrivenTests" name="testPostUser" time="1.662"/>
  <testcase classname="api.test.DataDrivenTests" name="testPostUser" time="1.22"/>
  <testcase classname="api.test.DataDrivenTests" name="testPostUser" time="1.424"/>
  <testcase classname="api.test.DataDrivenTests" name="testPostUser" time="1.166"/>
  <testcase classname="api.test.DataDrivenTests" name="testPostUser" time="1.189"/>
  <testcase classname="api.test.DataDrivenTests" name="testPostUser" time="1.161"/>
  <testcase classname="api.test.DataDrivenTests" name="testDeleteUser" time="2.306"/>
  <testcase classname="api.test.DataDrivenTests" name="testDeleteUser" time="2.297"/>
  <testcase classname="api.test.DataDrivenTests" name="testDeleteUser" time="2.543"/>
  <testcase classname="api.test.DataDrivenTests" name="testDeleteUser" time="2.331"/>
  <testcase classname="api.test.DataDrivenTests" name="testDeleteUser" time="2.436"/>
  <testcase classname="api.test.DataDrivenTests" name="testDeleteUser" time="2.521"/>
  <testcase classname="api.test.DataDrivenTests" name="testDeleteUser" time="2.686"/>
  <testcase classname="api.test.DataDrivenTests" name="testDeleteUser" time="2.646"/>
  <testcase classname="api.test.DataDrivenTests" name="testDeleteUser" time="2.657"/>
  <testcase classname="api.test.DataDrivenTests" name="testDeleteUser" time="1.315">
    <failure type="java.lang.AssertionError" message="User does not exist for deletion: lindab">
      <![CDATA[java.lang.AssertionError: User does not exist for deletion: lindab
at api.test.DataDrivenTests.testDeleteUser(DataDrivenTests.java:45)
at java.base/java.util.ArrayList.forEach(ArrayList.java:1541)
... Removed 33 stack frames]]>
    </failure>
  </testcase> <!-- testDeleteUser -->
  <testcase classname="api.test.UserTests" name="testPostUser" time="1.246"/>
  <testcase classname="api.test.UserTests" name="testGetUserByName" time="1.635"/>
  <testcase classname="api.test.UserTests" name="testUpdateUser" time="2.606"/>
  <testcase classname="api.test.UserTests" name="testDeleteUserByName" time="1.36"/>
</testsuite> <!-- Surefire test -->
