<?xml version="1.0" encoding="UTF-8"?>
<!-- Generated by org.testng.reporters.JUnitXMLReporter -->
<testsuite ignored="0" hostname="dj-book" failures="1" tests="20" name="Default test" time="78.277" errors="0" timestamp="2024-11-08T07:00:49 IST">
  <testcase classname="api.test.DataDrivenTests" name="testPostUser" time="4.02"/>
  <testcase classname="api.test.DataDrivenTests" name="testPostUser" time="2.348"/>
  <testcase classname="api.test.DataDrivenTests" name="testPostUser" time="3.285"/>
  <testcase classname="api.test.DataDrivenTests" name="testPostUser" time="1.923"/>
  <testcase classname="api.test.DataDrivenTests" name="testPostUser" time="5.833"/>
  <testcase classname="api.test.DataDrivenTests" name="testPostUser" time="4.418"/>
  <testcase classname="api.test.DataDrivenTests" name="testPostUser" time="1.925"/>
  <testcase classname="api.test.DataDrivenTests" name="testPostUser" time="1.842"/>
  <testcase classname="api.test.DataDrivenTests" name="testPostUser" time="1.689"/>
  <testcase classname="api.test.DataDrivenTests" name="testPostUser" time="1.109"/>
  <testcase classname="api.test.DataDrivenTests" name="testDeleteUser" time="3.596"/>
  <testcase classname="api.test.DataDrivenTests" name="testDeleteUser" time="4.099"/>
  <testcase classname="api.test.DataDrivenTests" name="testDeleteUser" time="6.544"/>
  <testcase classname="api.test.DataDrivenTests" name="testDeleteUser" time="4.095"/>
  <testcase classname="api.test.DataDrivenTests" name="testDeleteUser" time="4.096"/>
  <testcase classname="api.test.DataDrivenTests" name="testDeleteUser" time="3.992"/>
  <testcase classname="api.test.DataDrivenTests" name="testDeleteUser" time="9.614"/>
  <testcase classname="api.test.DataDrivenTests" name="testDeleteUser" time="5.648"/>
  <testcase classname="api.test.DataDrivenTests" name="testDeleteUser" time="3.869"/>
  <testcase classname="api.test.DataDrivenTests" name="testDeleteUser" time="3.001">
    <failure type="java.lang.AssertionError" message="User does not exist for deletion: lindab">
      <![CDATA[java.lang.AssertionError: User does not exist for deletion: lindab
at org.testng.Assert.fail(Assert.java:111)
at api.test.DataDrivenTests.testDeleteUser(DataDrivenTests.java:43)
at java.base/jdk.internal.reflect.DirectMethodHandleAccessor.invoke(DirectMethodHandleAccessor.java:103)
at java.base/java.lang.reflect.Method.invoke(Method.java:580)
at org.testng.internal.invokers.MethodInvocationHelper.invokeMethod(MethodInvocationHelper.java:141)
at org.testng.internal.invokers.TestInvoker.invokeMethod(TestInvoker.java:686)
at org.testng.internal.invokers.TestInvoker.invokeTestMethod(TestInvoker.java:230)
at org.testng.internal.invokers.MethodRunner.runInSequence(MethodRunner.java:63)
at org.testng.internal.invokers.TestInvoker$MethodInvocationAgent.invoke(TestInvoker.java:992)
at org.testng.internal.invokers.TestInvoker.invokeTestMethods(TestInvoker.java:203)
at org.testng.internal.invokers.TestMethodWorker.invokeTestMethods(TestMethodWorker.java:154)
at org.testng.internal.invokers.TestMethodWorker.run(TestMethodWorker.java:134)
at java.base/java.util.ArrayList.forEach(ArrayList.java:1596)
at org.testng.TestRunner.privateRun(TestRunner.java:739)
at org.testng.TestRunner.run(TestRunner.java:614)
at org.testng.SuiteRunner.runTest(SuiteRunner.java:421)
at org.testng.SuiteRunner.runSequentially(SuiteRunner.java:413)
at org.testng.SuiteRunner.privateRun(SuiteRunner.java:373)
at org.testng.SuiteRunner.run(SuiteRunner.java:312)
at org.testng.SuiteRunnerWorker.runSuite(SuiteRunnerWorker.java:52)
at org.testng.SuiteRunnerWorker.run(SuiteRunnerWorker.java:95)
at org.testng.TestNG.runSuitesSequentially(TestNG.java:1274)
at org.testng.TestNG.runSuitesLocally(TestNG.java:1208)
at org.testng.TestNG.runSuites(TestNG.java:1112)
at org.testng.TestNG.run(TestNG.java:1079)
at org.testng.remote.AbstractRemoteTestNG.run(AbstractRemoteTestNG.java:115)
at org.testng.remote.RemoteTestNG.initAndRun(RemoteTestNG.java:293)
at org.testng.remote.RemoteTestNG.main(RemoteTestNG.java:91)
]]>
    </failure>
  </testcase> <!-- testDeleteUser -->
</testsuite> <!-- Default test -->
