<?xml version="1.0" encoding="UTF-8"?>
<testsuite xmlns:xsi="http://www.w3.org/2001/XMLSchema-instance" xsi:noNamespaceSchemaLocation="https://maven.apache.org/surefire/maven-surefire-plugin/xsd/surefire-test-report.xsd" name="TestSuite" time="50.785" tests="24" errors="0" skipped="0" failures="2">
  <properties>
[...]
</properties>
  <testcase name="testPostUser" classname="api.test.DataDrivenTests" time="5.55"/>
  <testcase name="testPostUser" classname="api.test.DataDrivenTests" time="1.309"/>
  <testcase name="testPostUser" classname="api.test.DataDrivenTests" time="1.332"/>
  <testcase name="testPostUser" classname="api.test.DataDrivenTests" time="1.259"/>
  <testcase name="testPostUser" classname="api.test.DataDrivenTests" time="1.3"/>
  <testcase name="testPostUser" classname="api.test.DataDrivenTests" time="1.345"/>
  <testcase name="testPostUser" classname="api.test.DataDrivenTests" time="1.626"/>
  <testcase name="testPostUser" classname="api.test.DataDrivenTests" time="1.283"/>
  <testcase name="testPostUser" classname="api.test.DataDrivenTests" time="1.319"/>
  <testcase name="testPostUser" classname="api.test.DataDrivenTests" time="0.064">
    <failure message="For input string: &quot;&quot;" type="java.lang.NumberFormatException">java.lang.NumberFormatException: For input string: ""
	at api.test.DataDrivenTests.testPostUser(DataDrivenTests.java:20)
</failure>
  </testcase>
  <testcase name="testDeleteUser" classname="api.test.DataDrivenTests" time="2.707"/>
  <testcase name="testDeleteUser" classname="api.test.DataDrivenTests" time="2.719"/>
  <testcase name="testDeleteUser" classname="api.test.DataDrivenTests" time="2.561"/>
  <testcase name="testDeleteUser" classname="api.test.DataDrivenTests" time="2.643"/>
  <testcase name="testDeleteUser" classname="api.test.DataDrivenTests" time="2.601"/>
  <testcase name="testDeleteUser" classname="api.test.DataDrivenTests" time="2.64"/>
  <testcase name="testDeleteUser" classname="api.test.DataDrivenTests" time="2.648"/>
  <testcase name="testDeleteUser" classname="api.test.DataDrivenTests" time="2.304"/>
  <testcase name="testDeleteUser" classname="api.test.DataDrivenTests" time="2.397"/>
  <testcase name="testDeleteUser" classname="api.test.DataDrivenTests" time="1.143">
    <failure message="User does not exist for deletion: " type="java.lang.AssertionError">java.lang.AssertionError: User does not exist for deletion: 
	at api.test.DataDrivenTests.testDeleteUser(DataDrivenTests.java:45)
</failure>
  </testcase>
  <testcase name="testPostUser" classname="api.test.UserTests" time="1.297"/>
  <testcase name="testGetUserByName" classname="api.test.UserTests" time="1.117"/>
  <testcase name="testUpdateUser" classname="api.test.UserTests" time="2.394"/>
  <testcase name="testDeleteUserByName" classname="api.test.UserTests" time="1.206"/>
</testsuite>