<?xml version="1.0" encoding="UTF-8"?>
<testng-results ignored="0" total="24" passed="22" failed="2" skipped="0">
  <reporter-output>
  </reporter-output>
  <suite started-at="2024-11-08T10:29:42 IST" name="PetSuite" finished-at="2024-11-08T10:30:31 IST" duration-ms="48786">
    <groups>
    </groups>
    <test started-at="2024-11-08T10:29:42 IST" name="PetTest" finished-at="2024-11-08T10:30:31 IST" duration-ms="48786">
      <class name="api.test.DataDrivenTests">
        <test-method signature="testPostUser(java.lang.String,java.lang.String,java.lang.String,java.lang.String,java.lang.String,java.lang.String,java.lang.String)[pri:1, instance:api.test.DataDrivenTests@4a668b6e]" started-at="2024-11-08T10:29:43 IST" name="testPostUser" data-provider="Data" finished-at="2024-11-08T10:29:49 IST" duration-ms="5524" status="PASS">
          <params>
            <param index="0">
              <value>
                <![CDATA[1]]>
              </value>
            </param>
            <param index="1">
              <value>
                <![CDATA[johndoe]]>
              </value>
            </param>
            <param index="2">
              <value>
                <![CDATA[John]]>
              </value>
            </param>
            <param index="3">
              <value>
                <![CDATA[Doe]]>
              </value>
            </param>
            <param index="4">
              <value>
                <![CDATA[johndoe@example.com]]>
              </value>
            </param>
            <param index="5">
              <value>
                <![CDATA[pass123]]>
              </value>
            </param>
            <param index="6">
              <value>
                <![CDATA[123-456-7890]]>
              </value>
            </param>
          </params>
          <reporter-output>
          </reporter-output>
        </test-method> <!-- testPostUser -->
        <test-method signature="testPostUser(java.lang.String,java.lang.String,java.lang.String,java.lang.String,java.lang.String,java.lang.String,java.lang.String)[pri:1, instance:api.test.DataDrivenTests@4a668b6e]" started-at="2024-11-08T10:29:49 IST" name="testPostUser" data-provider="Data" finished-at="2024-11-08T10:29:50 IST" duration-ms="1311" status="PASS">
          <params>
            <param index="0">
              <value>
                <![CDATA[2]]>
              </value>
            </param>
            <param index="1">
              <value>
                <![CDATA[janedoe]]>
              </value>
            </param>
            <param index="2">
              <value>
                <![CDATA[Jane]]>
              </value>
            </param>
            <param index="3">
              <value>
                <![CDATA[Doe]]>
              </value>
            </param>
            <param index="4">
              <value>
                <![CDATA[janedoe@example.com]]>
              </value>
            </param>
            <param index="5">
              <value>
                <![CDATA[securePass]]>
              </value>
            </param>
            <param index="6">
              <value>
                <![CDATA[234-567-8901]]>
              </value>
            </param>
          </params>
          <reporter-output>
          </reporter-output>
        </test-method> <!-- testPostUser -->
        <test-method signature="testPostUser(java.lang.String,java.lang.String,java.lang.String,java.lang.String,java.lang.String,java.lang.String,java.lang.String)[pri:1, instance:api.test.DataDrivenTests@4a668b6e]" started-at="2024-11-08T10:29:50 IST" name="testPostUser" data-provider="Data" finished-at="2024-11-08T10:29:52 IST" duration-ms="1330" status="PASS">
          <params>
            <param index="0">
              <value>
                <![CDATA[3]]>
              </value>
            </param>
            <param index="1">
              <value>
                <![CDATA[alicew]]>
              </value>
            </param>
            <param index="2">
              <value>
                <![CDATA[Alice]]>
              </value>
            </param>
            <param index="3">
              <value>
                <![CDATA[Williams]]>
              </value>
            </param>
            <param index="4">
              <value>
                <![CDATA[alicew@example.com]]>
              </value>
            </param>
            <param index="5">
              <value>
                <![CDATA[alicePass]]>
              </value>
            </param>
            <param index="6">
              <value>
                <![CDATA[345-678-9012]]>
              </value>
            </param>
          </params>
          <reporter-output>
          </reporter-output>
        </test-method> <!-- testPostUser -->
        <test-method signature="testPostUser(java.lang.String,java.lang.String,java.lang.String,java.lang.String,java.lang.String,java.lang.String,java.lang.String)[pri:1, instance:api.test.DataDrivenTests@4a668b6e]" started-at="2024-11-08T10:29:52 IST" name="testPostUser" data-provider="Data" finished-at="2024-11-08T10:29:53 IST" duration-ms="1256" status="PASS">
          <params>
            <param index="0">
              <value>
                <![CDATA[4]]>
              </value>
            </param>
            <param index="1">
              <value>
                <![CDATA[bobsmith]]>
              </value>
            </param>
            <param index="2">
              <value>
                <![CDATA[Bob]]>
              </value>
            </param>
            <param index="3">
              <value>
                <![CDATA[Smith]]>
              </value>
            </param>
            <param index="4">
              <value>
                <![CDATA[bobsmith@example.com]]>
              </value>
            </param>
            <param index="5">
              <value>
                <![CDATA[bobSecure]]>
              </value>
            </param>
            <param index="6">
              <value>
                <![CDATA[456-789-0123]]>
              </value>
            </param>
          </params>
          <reporter-output>
          </reporter-output>
        </test-method> <!-- testPostUser -->
        <test-method signature="testPostUser(java.lang.String,java.lang.String,java.lang.String,java.lang.String,java.lang.String,java.lang.String,java.lang.String)[pri:1, instance:api.test.DataDrivenTests@4a668b6e]" started-at="2024-11-08T10:29:53 IST" name="testPostUser" data-provider="Data" finished-at="2024-11-08T10:29:54 IST" duration-ms="1296" status="PASS">
          <params>
            <param index="0">
              <value>
                <![CDATA[5]]>
              </value>
            </param>
            <param index="1">
              <value>
                <![CDATA[charlieb]]>
              </value>
            </param>
            <param index="2">
              <value>
                <![CDATA[Charlie]]>
              </value>
            </param>
            <param index="3">
              <value>
                <![CDATA[Brown]]>
              </value>
            </param>
            <param index="4">
              <value>
                <![CDATA[charlieb@example.com]]>
              </value>
            </param>
            <param index="5">
              <value>
                <![CDATA[charlie123]]>
              </value>
            </param>
            <param index="6">
              <value>
                <![CDATA[567-890-1234]]>
              </value>
            </param>
          </params>
          <reporter-output>
          </reporter-output>
        </test-method> <!-- testPostUser -->
        <test-method signature="testPostUser(java.lang.String,java.lang.String,java.lang.String,java.lang.String,java.lang.String,java.lang.String,java.lang.String)[pri:1, instance:api.test.DataDrivenTests@4a668b6e]" started-at="2024-11-08T10:29:54 IST" name="testPostUser" data-provider="Data" finished-at="2024-11-08T10:29:56 IST" duration-ms="1345" status="PASS">
          <params>
            <param index="0">
              <value>
                <![CDATA[6]]>
              </value>
            </param>
            <param index="1">
              <value>
                <![CDATA[emilyr]]>
              </value>
            </param>
            <param index="2">
              <value>
                <![CDATA[Emily]]>
              </value>
            </param>
            <param index="3">
              <value>
                <![CDATA[Rose]]>
              </value>
            </param>
            <param index="4">
              <value>
                <![CDATA[emilyr@example.com]]>
              </value>
            </param>
            <param index="5">
              <value>
                <![CDATA[emilyRose]]>
              </value>
            </param>
            <param index="6">
              <value>
                <![CDATA[678-901-2345]]>
              </value>
            </param>
          </params>
          <reporter-output>
          </reporter-output>
        </test-method> <!-- testPostUser -->
        <test-method signature="testPostUser(java.lang.String,java.lang.String,java.lang.String,java.lang.String,java.lang.String,java.lang.String,java.lang.String)[pri:1, instance:api.test.DataDrivenTests@4a668b6e]" started-at="2024-11-08T10:29:56 IST" name="testPostUser" data-provider="Data" finished-at="2024-11-08T10:29:57 IST" duration-ms="1623" status="PASS">
          <params>
            <param index="0">
              <value>
                <![CDATA[7]]>
              </value>
            </param>
            <param index="1">
              <value>
                <![CDATA[davidh]]>
              </value>
            </param>
            <param index="2">
              <value>
                <![CDATA[David]]>
              </value>
            </param>
            <param index="3">
              <value>
                <![CDATA[Hall]]>
              </value>
            </param>
            <param index="4">
              <value>
                <![CDATA[davidh@example.com]]>
              </value>
            </param>
            <param index="5">
              <value>
                <![CDATA[davidH123]]>
              </value>
            </param>
            <param index="6">
              <value>
                <![CDATA[789-012-3456]]>
              </value>
            </param>
          </params>
          <reporter-output>
          </reporter-output>
        </test-method> <!-- testPostUser -->
        <test-method signature="testPostUser(java.lang.String,java.lang.String,java.lang.String,java.lang.String,java.lang.String,java.lang.String,java.lang.String)[pri:1, instance:api.test.DataDrivenTests@4a668b6e]" started-at="2024-11-08T10:29:57 IST" name="testPostUser" data-provider="Data" finished-at="2024-11-08T10:29:58 IST" duration-ms="1286" status="PASS">
          <params>
            <param index="0">
              <value>
                <![CDATA[8]]>
              </value>
            </param>
            <param index="1">
              <value>
                <![CDATA[sarahj]]>
              </value>
            </param>
            <param index="2">
              <value>
                <![CDATA[Sarah]]>
              </value>
            </param>
            <param index="3">
              <value>
                <![CDATA[Johnson]]>
              </value>
            </param>
            <param index="4">
              <value>
                <![CDATA[sarahj@example.com]]>
              </value>
            </param>
            <param index="5">
              <value>
                <![CDATA[sarah123]]>
              </value>
            </param>
            <param index="6">
              <value>
                <![CDATA[890-123-4567]]>
              </value>
            </param>
          </params>
          <reporter-output>
          </reporter-output>
        </test-method> <!-- testPostUser -->
        <test-method signature="testPostUser(java.lang.String,java.lang.String,java.lang.String,java.lang.String,java.lang.String,java.lang.String,java.lang.String)[pri:1, instance:api.test.DataDrivenTests@4a668b6e]" started-at="2024-11-08T10:29:58 IST" name="testPostUser" data-provider="Data" finished-at="2024-11-08T10:30:00 IST" duration-ms="1321" status="PASS">
          <params>
            <param index="0">
              <value>
                <![CDATA[9]]>
              </value>
            </param>
            <param index="1">
              <value>
                <![CDATA[michaelc]]>
              </value>
            </param>
            <param index="2">
              <value>
                <![CDATA[Michael]]>
              </value>
            </param>
            <param index="3">
              <value>
                <![CDATA[Clark]]>
              </value>
            </param>
            <param index="4">
              <value>
                <![CDATA[michaelc@example.com]]>
              </value>
            </param>
            <param index="5">
              <value>
                <![CDATA[mikeSecure]]>
              </value>
            </param>
            <param index="6">
              <value>
                <![CDATA[901-234-5678]]>
              </value>
            </param>
          </params>
          <reporter-output>
          </reporter-output>
        </test-method> <!-- testPostUser -->
        <test-method signature="testPostUser(java.lang.String,java.lang.String,java.lang.String,java.lang.String,java.lang.String,java.lang.String,java.lang.String)[pri:1, instance:api.test.DataDrivenTests@4a668b6e]" started-at="2024-11-08T10:30:00 IST" name="testPostUser" data-provider="Data" finished-at="2024-11-08T10:30:00 IST" duration-ms="2" status="FAIL">
          <params>
            <param index="0">
              <value>
                <![CDATA[]]>
              </value>
            </param>
            <param index="1">
              <value>
                <![CDATA[]]>
              </value>
            </param>
            <param index="2">
              <value>
                <![CDATA[]]>
              </value>
            </param>
            <param index="3">
              <value>
                <![CDATA[]]>
              </value>
            </param>
            <param index="4">
              <value>
                <![CDATA[]]>
              </value>
            </param>
            <param index="5">
              <value>
                <![CDATA[]]>
              </value>
            </param>
            <param index="6">
              <value>
                <![CDATA[]]>
              </value>
            </param>
          </params>
          <exception class="java.lang.NumberFormatException">
            <message>
              <![CDATA[For input string: ""]]>
            </message>
            <full-stacktrace>
              <![CDATA[java.lang.NumberFormatException: For input string: ""
at java.base/java.lang.NumberFormatException.forInputString(NumberFormatException.java:67)
at java.base/java.lang.Integer.parseInt(Integer.java:672)
at java.base/java.lang.Integer.parseInt(Integer.java:778)
at api.test.DataDrivenTests.testPostUser(DataDrivenTests.java:20)
at java.base/jdk.internal.reflect.DirectMethodHandleAccessor.invoke(DirectMethodHandleAccessor.java:103)
at java.base/java.lang.reflect.Method.invoke(Method.java:580)
at org.testng.internal.invokers.MethodInvocationHelper.invokeMethod(MethodInvocationHelper.java:141)
at org.testng.internal.invokers.TestInvoker.invokeMethod(TestInvoker.java:686)
at org.testng.internal.invokers.TestInvoker.invokeTestMethod(TestInvoker.java:230)
at org.testng.internal.invokers.MethodRunner.runInSequence(MethodRunner.java:63)
at org.testng.internal.invokers.TestInvoker$MethodInvocationAgent.invoke(TestInvoker.java:992)
at org.testng.internal.invokers.TestInvoker.invokeTestMethods(TestInvoker.java:203)
at org.testng.internal.invokers.TestMethodWorker.invokeTestMethods(TestMethodWorker.java:154)
at org.testng.internal.invokers.TestMethodWorker.run(TestMethodWorker.java:134)
at java.base/java.util.ArrayList.forEach(ArrayList.java:1596)
at org.testng.TestRunner.privateRun(TestRunner.java:739)
at org.testng.TestRunner.run(TestRunner.java:614)
at org.testng.SuiteRunner.runTest(SuiteRunner.java:421)
at org.testng.SuiteRunner.runSequentially(SuiteRunner.java:413)
at org.testng.SuiteRunner.privateRun(SuiteRunner.java:373)
at org.testng.SuiteRunner.run(SuiteRunner.java:312)
at org.testng.SuiteRunnerWorker.runSuite(SuiteRunnerWorker.java:52)
at org.testng.SuiteRunnerWorker.run(SuiteRunnerWorker.java:95)
at org.testng.TestNG.runSuitesSequentially(TestNG.java:1274)
at org.testng.TestNG.runSuitesLocally(TestNG.java:1208)
at org.testng.TestNG.runSuites(TestNG.java:1112)
at org.testng.TestNG.run(TestNG.java:1079)
at org.apache.maven.surefire.testng.TestNGExecutor.run(TestNGExecutor.java:283)
at org.apache.maven.surefire.testng.TestNGXmlTestSuite.execute(TestNGXmlTestSuite.java:75)
at org.apache.maven.surefire.testng.TestNGProvider.invoke(TestNGProvider.java:120)
at org.apache.maven.surefire.booter.ForkedBooter.invokeProviderInSameClassLoader(ForkedBooter.java:384)
at org.apache.maven.surefire.booter.ForkedBooter.runSuitesInProcess(ForkedBooter.java:345)
at org.apache.maven.surefire.booter.ForkedBooter.execute(ForkedBooter.java:126)
at org.apache.maven.surefire.booter.ForkedBooter.main(ForkedBooter.java:418)
]]>
            </full-stacktrace>
          </exception> <!-- java.lang.NumberFormatException -->
          <reporter-output>
          </reporter-output>
        </test-method> <!-- testPostUser -->
        <test-method signature="testDeleteUser(java.lang.String)[pri:2, instance:api.test.DataDrivenTests@4a668b6e]" started-at="2024-11-08T10:30:00 IST" name="testDeleteUser" data-provider="UserNames" finished-at="2024-11-08T10:30:03 IST" duration-ms="2707" status="PASS">
          <params>
            <param index="0">
              <value>
                <![CDATA[johndoe]]>
              </value>
            </param>
          </params>
          <reporter-output>
          </reporter-output>
        </test-method> <!-- testDeleteUser -->
        <test-method signature="testDeleteUser(java.lang.String)[pri:2, instance:api.test.DataDrivenTests@4a668b6e]" started-at="2024-11-08T10:30:03 IST" name="testDeleteUser" data-provider="UserNames" finished-at="2024-11-08T10:30:05 IST" duration-ms="2716" status="PASS">
          <params>
            <param index="0">
              <value>
                <![CDATA[janedoe]]>
              </value>
            </param>
          </params>
          <reporter-output>
          </reporter-output>
        </test-method> <!-- testDeleteUser -->
        <test-method signature="testDeleteUser(java.lang.String)[pri:2, instance:api.test.DataDrivenTests@4a668b6e]" started-at="2024-11-08T10:30:05 IST" name="testDeleteUser" data-provider="UserNames" finished-at="2024-11-08T10:30:08 IST" duration-ms="2563" status="PASS">
          <params>
            <param index="0">
              <value>
                <![CDATA[alicew]]>
              </value>
            </param>
          </params>
          <reporter-output>
          </reporter-output>
        </test-method> <!-- testDeleteUser -->
        <test-method signature="testDeleteUser(java.lang.String)[pri:2, instance:api.test.DataDrivenTests@4a668b6e]" started-at="2024-11-08T10:30:08 IST" name="testDeleteUser" data-provider="UserNames" finished-at="2024-11-08T10:30:11 IST" duration-ms="2640" status="PASS">
          <params>
            <param index="0">
              <value>
                <![CDATA[bobsmith]]>
              </value>
            </param>
          </params>
          <reporter-output>
          </reporter-output>
        </test-method> <!-- testDeleteUser -->
        <test-method signature="testDeleteUser(java.lang.String)[pri:2, instance:api.test.DataDrivenTests@4a668b6e]" started-at="2024-11-08T10:30:11 IST" name="testDeleteUser" data-provider="UserNames" finished-at="2024-11-08T10:30:13 IST" duration-ms="2601" status="PASS">
          <params>
            <param index="0">
              <value>
                <![CDATA[charlieb]]>
              </value>
            </param>
          </params>
          <reporter-output>
          </reporter-output>
        </test-method> <!-- testDeleteUser -->
        <test-method signature="testDeleteUser(java.lang.String)[pri:2, instance:api.test.DataDrivenTests@4a668b6e]" started-at="2024-11-08T10:30:13 IST" name="testDeleteUser" data-provider="UserNames" finished-at="2024-11-08T10:30:16 IST" duration-ms="2639" status="PASS">
          <params>
            <param index="0">
              <value>
                <![CDATA[emilyr]]>
              </value>
            </param>
          </params>
          <reporter-output>
          </reporter-output>
        </test-method> <!-- testDeleteUser -->
        <test-method signature="testDeleteUser(java.lang.String)[pri:2, instance:api.test.DataDrivenTests@4a668b6e]" started-at="2024-11-08T10:30:16 IST" name="testDeleteUser" data-provider="UserNames" finished-at="2024-11-08T10:30:18 IST" duration-ms="2644" status="PASS">
          <params>
            <param index="0">
              <value>
                <![CDATA[davidh]]>
              </value>
            </param>
          </params>
          <reporter-output>
          </reporter-output>
        </test-method> <!-- testDeleteUser -->
        <test-method signature="testDeleteUser(java.lang.String)[pri:2, instance:api.test.DataDrivenTests@4a668b6e]" started-at="2024-11-08T10:30:18 IST" name="testDeleteUser" data-provider="UserNames" finished-at="2024-11-08T10:30:21 IST" duration-ms="2302" status="PASS">
          <params>
            <param index="0">
              <value>
                <![CDATA[sarahj]]>
              </value>
            </param>
          </params>
          <reporter-output>
          </reporter-output>
        </test-method> <!-- testDeleteUser -->
        <test-method signature="testDeleteUser(java.lang.String)[pri:2, instance:api.test.DataDrivenTests@4a668b6e]" started-at="2024-11-08T10:30:21 IST" name="testDeleteUser" data-provider="UserNames" finished-at="2024-11-08T10:30:23 IST" duration-ms="2396" status="PASS">
          <params>
            <param index="0">
              <value>
                <![CDATA[michaelc]]>
              </value>
            </param>
          </params>
          <reporter-output>
          </reporter-output>
        </test-method> <!-- testDeleteUser -->
        <test-method signature="testDeleteUser(java.lang.String)[pri:2, instance:api.test.DataDrivenTests@4a668b6e]" started-at="2024-11-08T10:30:23 IST" name="testDeleteUser" data-provider="UserNames" finished-at="2024-11-08T10:30:24 IST" duration-ms="1143" status="FAIL">
          <params>
            <param index="0">
              <value>
                <![CDATA[]]>
              </value>
            </param>
          </params>
          <exception class="java.lang.AssertionError">
            <message>
              <![CDATA[User does not exist for deletion: ]]>
            </message>
            <full-stacktrace>
              <![CDATA[java.lang.AssertionError: User does not exist for deletion: 
at org.testng.AssertJUnit.fail(AssertJUnit.java:65)
at api.test.DataDrivenTests.testDeleteUser(DataDrivenTests.java:45)
at java.base/jdk.internal.reflect.DirectMethodHandleAccessor.invoke(DirectMethodHandleAccessor.java:103)
at java.base/java.lang.reflect.Method.invoke(Method.java:580)
at org.testng.internal.invokers.MethodInvocationHelper.invokeMethod(MethodInvocationHelper.java:141)
at org.testng.internal.invokers.TestInvoker.invokeMethod(TestInvoker.java:686)
at org.testng.internal.invokers.TestInvoker.invokeTestMethod(TestInvoker.java:230)
at org.testng.internal.invokers.MethodRunner.runInSequence(MethodRunner.java:63)
at org.testng.internal.invokers.TestInvoker$MethodInvocationAgent.invoke(TestInvoker.java:992)
at org.testng.internal.invokers.TestInvoker.invokeTestMethods(TestInvoker.java:203)
at org.testng.internal.invokers.TestMethodWorker.invokeTestMethods(TestMethodWorker.java:154)
at org.testng.internal.invokers.TestMethodWorker.run(TestMethodWorker.java:134)
at java.base/java.util.ArrayList.forEach(ArrayList.java:1596)
at org.testng.TestRunner.privateRun(TestRunner.java:739)
at org.testng.TestRunner.run(TestRunner.java:614)
at org.testng.SuiteRunner.runTest(SuiteRunner.java:421)
at org.testng.SuiteRunner.runSequentially(SuiteRunner.java:413)
at org.testng.SuiteRunner.privateRun(SuiteRunner.java:373)
at org.testng.SuiteRunner.run(SuiteRunner.java:312)
at org.testng.SuiteRunnerWorker.runSuite(SuiteRunnerWorker.java:52)
at org.testng.SuiteRunnerWorker.run(SuiteRunnerWorker.java:95)
at org.testng.TestNG.runSuitesSequentially(TestNG.java:1274)
at org.testng.TestNG.runSuitesLocally(TestNG.java:1208)
at org.testng.TestNG.runSuites(TestNG.java:1112)
at org.testng.TestNG.run(TestNG.java:1079)
at org.apache.maven.surefire.testng.TestNGExecutor.run(TestNGExecutor.java:283)
at org.apache.maven.surefire.testng.TestNGXmlTestSuite.execute(TestNGXmlTestSuite.java:75)
at org.apache.maven.surefire.testng.TestNGProvider.invoke(TestNGProvider.java:120)
at org.apache.maven.surefire.booter.ForkedBooter.invokeProviderInSameClassLoader(ForkedBooter.java:384)
at org.apache.maven.surefire.booter.ForkedBooter.runSuitesInProcess(ForkedBooter.java:345)
at org.apache.maven.surefire.booter.ForkedBooter.execute(ForkedBooter.java:126)
at org.apache.maven.surefire.booter.ForkedBooter.main(ForkedBooter.java:418)
]]>
            </full-stacktrace>
          </exception> <!-- java.lang.AssertionError -->
          <reporter-output>
          </reporter-output>
        </test-method> <!-- testDeleteUser -->
      </class> <!-- api.test.DataDrivenTests -->
      <class name="api.test.UserTests">
        <test-method is-config="true" signature="setup()[pri:0, instance:api.test.UserTests@62230c58]" started-at="2024-11-08T10:30:24 IST" name="setup" finished-at="2024-11-08T10:30:25 IST" duration-ms="542" status="PASS">
          <reporter-output>
          </reporter-output>
        </test-method> <!-- setup -->
        <test-method signature="testPostUser()[pri:1, instance:api.test.UserTests@62230c58]" started-at="2024-11-08T10:30:25 IST" name="testPostUser" finished-at="2024-11-08T10:30:26 IST" duration-ms="1287" status="PASS">
          <reporter-output>
          </reporter-output>
        </test-method> <!-- testPostUser -->
        <test-method signature="testGetUserByName()[pri:2, instance:api.test.UserTests@62230c58]" started-at="2024-11-08T10:30:26 IST" name="testGetUserByName" finished-at="2024-11-08T10:30:27 IST" duration-ms="1115" status="PASS">
          <reporter-output>
          </reporter-output>
        </test-method> <!-- testGetUserByName -->
        <test-method signature="testUpdateUser()[pri:3, instance:api.test.UserTests@62230c58]" started-at="2024-11-08T10:30:27 IST" name="testUpdateUser" finished-at="2024-11-08T10:30:30 IST" duration-ms="2394" status="PASS">
          <reporter-output>
          </reporter-output>
        </test-method> <!-- testUpdateUser -->
        <test-method signature="testDeleteUserByName()[pri:4, instance:api.test.UserTests@62230c58]" started-at="2024-11-08T10:30:30 IST" name="testDeleteUserByName" finished-at="2024-11-08T10:30:31 IST" duration-ms="1202" status="PASS">
          <reporter-output>
          </reporter-output>
        </test-method> <!-- testDeleteUserByName -->
      </class> <!-- api.test.UserTests -->
    </test> <!-- PetTest -->
  </suite> <!-- PetSuite -->
</testng-results>
