<?xml version="1.0" encoding="UTF-8"?>
<testng-results ignored="0" total="4" passed="4" failed="0" skipped="0">
  <reporter-output>
  </reporter-output>
  <suite started-at="2024-11-08T09:58:01 IST" name="PetSuite" finished-at="2024-11-08T09:58:11 IST" duration-ms="10630">
    <groups>
    </groups>
    <test started-at="2024-11-08T09:58:01 IST" name="PetTest" finished-at="2024-11-08T09:58:11 IST" duration-ms="10630">
      <class name="api.test.UserTestsUsingPropertiesFilesRoutes">
        <test-method is-config="true" signature="setup()[pri:0, instance:api.test.UserTestsUsingPropertiesFilesRoutes@1a75e76a]" started-at="2024-11-08T09:58:01 IST" name="setup" finished-at="2024-11-08T09:58:02 IST" duration-ms="799" status="PASS">
          <reporter-output>
          </reporter-output>
        </test-method> <!-- setup -->
        <test-method signature="testPostUser()[pri:1, instance:api.test.UserTestsUsingPropertiesFilesRoutes@1a75e76a]" started-at="2024-11-08T09:58:02 IST" name="testPostUser" finished-at="2024-11-08T09:58:06 IST" duration-ms="4312" status="PASS">
          <reporter-output>
          </reporter-output>
        </test-method> <!-- testPostUser -->
        <test-method signature="testGetUserByName()[pri:2, instance:api.test.UserTestsUsingPropertiesFilesRoutes@1a75e76a]" started-at="2024-11-08T09:58:06 IST" name="testGetUserByName" finished-at="2024-11-08T09:58:07 IST" duration-ms="1317" status="PASS">
          <reporter-output>
          </reporter-output>
        </test-method> <!-- testGetUserByName -->
        <test-method signature="testUpdateUser()[pri:3, instance:api.test.UserTestsUsingPropertiesFilesRoutes@1a75e76a]" started-at="2024-11-08T09:58:07 IST" name="testUpdateUser" finished-at="2024-11-08T09:58:10 IST" duration-ms="2638" status="PASS">
          <reporter-output>
          </reporter-output>
        </test-method> <!-- testUpdateUser -->
        <test-method signature="testDeleteUserByName()[pri:4, instance:api.test.UserTestsUsingPropertiesFilesRoutes@1a75e76a]" started-at="2024-11-08T09:58:10 IST" name="testDeleteUserByName" finished-at="2024-11-08T09:58:11 IST" duration-ms="1238" status="PASS">
          <reporter-output>
          </reporter-output>
        </test-method> <!-- testDeleteUserByName -->
      </class> <!-- api.test.UserTestsUsingPropertiesFilesRoutes -->
    </test> <!-- PetTest -->
  </suite> <!-- PetSuite -->
</testng-results>
