<?xml version="1.0" encoding="UTF-8"?>
<testng-results ignored="0" total="24" passed="24" failed="0" skipped="0">
  <reporter-output>
  </reporter-output>
  <suite started-at="2024-11-08T09:04:38 IST" name="PetSuite" finished-at="2024-11-08T09:05:27 IST" duration-ms="49216">
    <groups>
    </groups>
    <test started-at="2024-11-08T09:04:38 IST" name="PetTest" finished-at="2024-11-08T09:05:27 IST" duration-ms="49216">
      <class name="api.test.DataDrivenTests">
        <test-method signature="testPostUser(java.lang.String,java.lang.String,java.lang.String,java.lang.String,java.lang.String,java.lang.String,java.lang.String)[pri:1, instance:api.test.DataDrivenTests@173ed316]" started-at="2024-11-08T09:04:39 IST" name="testPostUser" data-provider="Data" finished-at="2024-11-08T09:04:43 IST" duration-ms="3605" status="PASS">
          <params>
            <param index="0">
              <value>
                <![CDATA[1]]>
              </value>
            </param>
            <param index="1">
              <value>
                <![CDATA[johndoe]]>
              </value>
            </param>
            <param index="2">
              <value>
                <![CDATA[John]]>
              </value>
            </param>
            <param index="3">
              <value>
                <![CDATA[Doe]]>
              </value>
            </param>
            <param index="4">
              <value>
                <![CDATA[johndoe@example.com]]>
              </value>
            </param>
            <param index="5">
              <value>
                <![CDATA[pass123]]>
              </value>
            </param>
            <param index="6">
              <value>
                <![CDATA[123-456-7890]]>
              </value>
            </param>
          </params>
          <reporter-output>
          </reporter-output>
        </test-method> <!-- testPostUser -->
        <test-method signature="testPostUser(java.lang.String,java.lang.String,java.lang.String,java.lang.String,java.lang.String,java.lang.String,java.lang.String)[pri:1, instance:api.test.DataDrivenTests@173ed316]" started-at="2024-11-08T09:04:43 IST" name="testPostUser" data-provider="Data" finished-at="2024-11-08T09:04:44 IST" duration-ms="1262" status="PASS">
          <params>
            <param index="0">
              <value>
                <![CDATA[2]]>
              </value>
            </param>
            <param index="1">
              <value>
                <![CDATA[janedoe]]>
              </value>
            </param>
            <param index="2">
              <value>
                <![CDATA[Jane]]>
              </value>
            </param>
            <param index="3">
              <value>
                <![CDATA[Doe]]>
              </value>
            </param>
            <param index="4">
              <value>
                <![CDATA[janedoe@example.com]]>
              </value>
            </param>
            <param index="5">
              <value>
                <![CDATA[securePass]]>
              </value>
            </param>
            <param index="6">
              <value>
                <![CDATA[234-567-8901]]>
              </value>
            </param>
          </params>
          <reporter-output>
          </reporter-output>
        </test-method> <!-- testPostUser -->
        <test-method signature="testPostUser(java.lang.String,java.lang.String,java.lang.String,java.lang.String,java.lang.String,java.lang.String,java.lang.String)[pri:1, instance:api.test.DataDrivenTests@173ed316]" started-at="2024-11-08T09:04:44 IST" name="testPostUser" data-provider="Data" finished-at="2024-11-08T09:04:45 IST" duration-ms="1096" status="PASS">
          <params>
            <param index="0">
              <value>
                <![CDATA[3]]>
              </value>
            </param>
            <param index="1">
              <value>
                <![CDATA[alicew]]>
              </value>
            </param>
            <param index="2">
              <value>
                <![CDATA[Alice]]>
              </value>
            </param>
            <param index="3">
              <value>
                <![CDATA[Williams]]>
              </value>
            </param>
            <param index="4">
              <value>
                <![CDATA[alicew@example.com]]>
              </value>
            </param>
            <param index="5">
              <value>
                <![CDATA[alicePass]]>
              </value>
            </param>
            <param index="6">
              <value>
                <![CDATA[345-678-9012]]>
              </value>
            </param>
          </params>
          <reporter-output>
          </reporter-output>
        </test-method> <!-- testPostUser -->
        <test-method signature="testPostUser(java.lang.String,java.lang.String,java.lang.String,java.lang.String,java.lang.String,java.lang.String,java.lang.String)[pri:1, instance:api.test.DataDrivenTests@173ed316]" started-at="2024-11-08T09:04:45 IST" name="testPostUser" data-provider="Data" finished-at="2024-11-08T09:04:46 IST" duration-ms="1066" status="PASS">
          <params>
            <param index="0">
              <value>
                <![CDATA[4]]>
              </value>
            </param>
            <param index="1">
              <value>
                <![CDATA[bobsmith]]>
              </value>
            </param>
            <param index="2">
              <value>
                <![CDATA[Bob]]>
              </value>
            </param>
            <param index="3">
              <value>
                <![CDATA[Smith]]>
              </value>
            </param>
            <param index="4">
              <value>
                <![CDATA[bobsmith@example.com]]>
              </value>
            </param>
            <param index="5">
              <value>
                <![CDATA[bobSecure]]>
              </value>
            </param>
            <param index="6">
              <value>
                <![CDATA[456-789-0123]]>
              </value>
            </param>
          </params>
          <reporter-output>
          </reporter-output>
        </test-method> <!-- testPostUser -->
        <test-method signature="testPostUser(java.lang.String,java.lang.String,java.lang.String,java.lang.String,java.lang.String,java.lang.String,java.lang.String)[pri:1, instance:api.test.DataDrivenTests@173ed316]" started-at="2024-11-08T09:04:46 IST" name="testPostUser" data-provider="Data" finished-at="2024-11-08T09:04:47 IST" duration-ms="1083" status="PASS">
          <params>
            <param index="0">
              <value>
                <![CDATA[5]]>
              </value>
            </param>
            <param index="1">
              <value>
                <![CDATA[charlieb]]>
              </value>
            </param>
            <param index="2">
              <value>
                <![CDATA[Charlie]]>
              </value>
            </param>
            <param index="3">
              <value>
                <![CDATA[Brown]]>
              </value>
            </param>
            <param index="4">
              <value>
                <![CDATA[charlieb@example.com]]>
              </value>
            </param>
            <param index="5">
              <value>
                <![CDATA[charlie123]]>
              </value>
            </param>
            <param index="6">
              <value>
                <![CDATA[567-890-1234]]>
              </value>
            </param>
          </params>
          <reporter-output>
          </reporter-output>
        </test-method> <!-- testPostUser -->
        <test-method signature="testPostUser(java.lang.String,java.lang.String,java.lang.String,java.lang.String,java.lang.String,java.lang.String,java.lang.String)[pri:1, instance:api.test.DataDrivenTests@173ed316]" started-at="2024-11-08T09:04:47 IST" name="testPostUser" data-provider="Data" finished-at="2024-11-08T09:04:48 IST" duration-ms="1103" status="PASS">
          <params>
            <param index="0">
              <value>
                <![CDATA[6]]>
              </value>
            </param>
            <param index="1">
              <value>
                <![CDATA[emilyr]]>
              </value>
            </param>
            <param index="2">
              <value>
                <![CDATA[Emily]]>
              </value>
            </param>
            <param index="3">
              <value>
                <![CDATA[Rose]]>
              </value>
            </param>
            <param index="4">
              <value>
                <![CDATA[emilyr@example.com]]>
              </value>
            </param>
            <param index="5">
              <value>
                <![CDATA[emilyRose]]>
              </value>
            </param>
            <param index="6">
              <value>
                <![CDATA[678-901-2345]]>
              </value>
            </param>
          </params>
          <reporter-output>
          </reporter-output>
        </test-method> <!-- testPostUser -->
        <test-method signature="testPostUser(java.lang.String,java.lang.String,java.lang.String,java.lang.String,java.lang.String,java.lang.String,java.lang.String)[pri:1, instance:api.test.DataDrivenTests@173ed316]" started-at="2024-11-08T09:04:48 IST" name="testPostUser" data-provider="Data" finished-at="2024-11-08T09:04:50 IST" duration-ms="1134" status="PASS">
          <params>
            <param index="0">
              <value>
                <![CDATA[7]]>
              </value>
            </param>
            <param index="1">
              <value>
                <![CDATA[davidh]]>
              </value>
            </param>
            <param index="2">
              <value>
                <![CDATA[David]]>
              </value>
            </param>
            <param index="3">
              <value>
                <![CDATA[Hall]]>
              </value>
            </param>
            <param index="4">
              <value>
                <![CDATA[davidh@example.com]]>
              </value>
            </param>
            <param index="5">
              <value>
                <![CDATA[davidH123]]>
              </value>
            </param>
            <param index="6">
              <value>
                <![CDATA[789-012-3456]]>
              </value>
            </param>
          </params>
          <reporter-output>
          </reporter-output>
        </test-method> <!-- testPostUser -->
        <test-method signature="testPostUser(java.lang.String,java.lang.String,java.lang.String,java.lang.String,java.lang.String,java.lang.String,java.lang.String)[pri:1, instance:api.test.DataDrivenTests@173ed316]" started-at="2024-11-08T09:04:50 IST" name="testPostUser" data-provider="Data" finished-at="2024-11-08T09:04:51 IST" duration-ms="1122" status="PASS">
          <params>
            <param index="0">
              <value>
                <![CDATA[8]]>
              </value>
            </param>
            <param index="1">
              <value>
                <![CDATA[sarahj]]>
              </value>
            </param>
            <param index="2">
              <value>
                <![CDATA[Sarah]]>
              </value>
            </param>
            <param index="3">
              <value>
                <![CDATA[Johnson]]>
              </value>
            </param>
            <param index="4">
              <value>
                <![CDATA[sarahj@example.com]]>
              </value>
            </param>
            <param index="5">
              <value>
                <![CDATA[sarah123]]>
              </value>
            </param>
            <param index="6">
              <value>
                <![CDATA[890-123-4567]]>
              </value>
            </param>
          </params>
          <reporter-output>
          </reporter-output>
        </test-method> <!-- testPostUser -->
        <test-method signature="testPostUser(java.lang.String,java.lang.String,java.lang.String,java.lang.String,java.lang.String,java.lang.String,java.lang.String)[pri:1, instance:api.test.DataDrivenTests@173ed316]" started-at="2024-11-08T09:04:51 IST" name="testPostUser" data-provider="Data" finished-at="2024-11-08T09:04:52 IST" duration-ms="1116" status="PASS">
          <params>
            <param index="0">
              <value>
                <![CDATA[9]]>
              </value>
            </param>
            <param index="1">
              <value>
                <![CDATA[michaelc]]>
              </value>
            </param>
            <param index="2">
              <value>
                <![CDATA[Michael]]>
              </value>
            </param>
            <param index="3">
              <value>
                <![CDATA[Clark]]>
              </value>
            </param>
            <param index="4">
              <value>
                <![CDATA[michaelc@example.com]]>
              </value>
            </param>
            <param index="5">
              <value>
                <![CDATA[mikeSecure]]>
              </value>
            </param>
            <param index="6">
              <value>
                <![CDATA[901-234-5678]]>
              </value>
            </param>
          </params>
          <reporter-output>
          </reporter-output>
        </test-method> <!-- testPostUser -->
        <test-method signature="testPostUser(java.lang.String,java.lang.String,java.lang.String,java.lang.String,java.lang.String,java.lang.String,java.lang.String)[pri:1, instance:api.test.DataDrivenTests@173ed316]" started-at="2024-11-08T09:04:52 IST" name="testPostUser" data-provider="Data" finished-at="2024-11-08T09:04:53 IST" duration-ms="1110" status="PASS">
          <params>
            <param index="0">
              <value>
                <![CDATA[10]]>
              </value>
            </param>
            <param index="1">
              <value>
                <![CDATA[lindab]]>
              </value>
            </param>
            <param index="2">
              <value>
                <![CDATA[Linda]]>
              </value>
            </param>
            <param index="3">
              <value>
                <![CDATA[Brown]]>
              </value>
            </param>
            <param index="4">
              <value>
                <![CDATA[lindab@example.com]]>
              </value>
            </param>
            <param index="5">
              <value>
                <![CDATA[lindaPass]]>
              </value>
            </param>
            <param index="6">
              <value>
                <![CDATA[012-345-6789]]>
              </value>
            </param>
          </params>
          <reporter-output>
          </reporter-output>
        </test-method> <!-- testPostUser -->
        <test-method signature="testDeleteUser(java.lang.String)[pri:2, instance:api.test.DataDrivenTests@173ed316]" started-at="2024-11-08T09:04:53 IST" name="testDeleteUser" data-provider="UserNames" finished-at="2024-11-08T09:04:55 IST" duration-ms="2336" status="PASS">
          <params>
            <param index="0">
              <value>
                <![CDATA[johndoe]]>
              </value>
            </param>
          </params>
          <reporter-output>
          </reporter-output>
        </test-method> <!-- testDeleteUser -->
        <test-method signature="testDeleteUser(java.lang.String)[pri:2, instance:api.test.DataDrivenTests@173ed316]" started-at="2024-11-08T09:04:55 IST" name="testDeleteUser" data-provider="UserNames" finished-at="2024-11-08T09:04:57 IST" duration-ms="2183" status="PASS">
          <params>
            <param index="0">
              <value>
                <![CDATA[janedoe]]>
              </value>
            </param>
          </params>
          <reporter-output>
          </reporter-output>
        </test-method> <!-- testDeleteUser -->
        <test-method signature="testDeleteUser(java.lang.String)[pri:2, instance:api.test.DataDrivenTests@173ed316]" started-at="2024-11-08T09:04:57 IST" name="testDeleteUser" data-provider="UserNames" finished-at="2024-11-08T09:05:00 IST" duration-ms="2373" status="PASS">
          <params>
            <param index="0">
              <value>
                <![CDATA[alicew]]>
              </value>
            </param>
          </params>
          <reporter-output>
          </reporter-output>
        </test-method> <!-- testDeleteUser -->
        <test-method signature="testDeleteUser(java.lang.String)[pri:2, instance:api.test.DataDrivenTests@173ed316]" started-at="2024-11-08T09:05:00 IST" name="testDeleteUser" data-provider="UserNames" finished-at="2024-11-08T09:05:03 IST" duration-ms="2665" status="PASS">
          <params>
            <param index="0">
              <value>
                <![CDATA[bobsmith]]>
              </value>
            </param>
          </params>
          <reporter-output>
          </reporter-output>
        </test-method> <!-- testDeleteUser -->
        <test-method signature="testDeleteUser(java.lang.String)[pri:2, instance:api.test.DataDrivenTests@173ed316]" started-at="2024-11-08T09:05:03 IST" name="testDeleteUser" data-provider="UserNames" finished-at="2024-11-08T09:05:05 IST" duration-ms="2860" status="PASS">
          <params>
            <param index="0">
              <value>
                <![CDATA[charlieb]]>
              </value>
            </param>
          </params>
          <reporter-output>
          </reporter-output>
        </test-method> <!-- testDeleteUser -->
        <test-method signature="testDeleteUser(java.lang.String)[pri:2, instance:api.test.DataDrivenTests@173ed316]" started-at="2024-11-08T09:05:05 IST" name="testDeleteUser" data-provider="UserNames" finished-at="2024-11-08T09:05:08 IST" duration-ms="2585" status="PASS">
          <params>
            <param index="0">
              <value>
                <![CDATA[emilyr]]>
              </value>
            </param>
          </params>
          <reporter-output>
          </reporter-output>
        </test-method> <!-- testDeleteUser -->
        <test-method signature="testDeleteUser(java.lang.String)[pri:2, instance:api.test.DataDrivenTests@173ed316]" started-at="2024-11-08T09:05:08 IST" name="testDeleteUser" data-provider="UserNames" finished-at="2024-11-08T09:05:10 IST" duration-ms="2342" status="PASS">
          <params>
            <param index="0">
              <value>
                <![CDATA[davidh]]>
              </value>
            </param>
          </params>
          <reporter-output>
          </reporter-output>
        </test-method> <!-- testDeleteUser -->
        <test-method signature="testDeleteUser(java.lang.String)[pri:2, instance:api.test.DataDrivenTests@173ed316]" started-at="2024-11-08T09:05:10 IST" name="testDeleteUser" data-provider="UserNames" finished-at="2024-11-08T09:05:13 IST" duration-ms="2744" status="PASS">
          <params>
            <param index="0">
              <value>
                <![CDATA[sarahj]]>
              </value>
            </param>
          </params>
          <reporter-output>
          </reporter-output>
        </test-method> <!-- testDeleteUser -->
        <test-method signature="testDeleteUser(java.lang.String)[pri:2, instance:api.test.DataDrivenTests@173ed316]" started-at="2024-11-08T09:05:13 IST" name="testDeleteUser" data-provider="UserNames" finished-at="2024-11-08T09:05:16 IST" duration-ms="3172" status="PASS">
          <params>
            <param index="0">
              <value>
                <![CDATA[michaelc]]>
              </value>
            </param>
          </params>
          <reporter-output>
          </reporter-output>
        </test-method> <!-- testDeleteUser -->
        <test-method signature="testDeleteUser(java.lang.String)[pri:2, instance:api.test.DataDrivenTests@173ed316]" started-at="2024-11-08T09:05:16 IST" name="testDeleteUser" data-provider="UserNames" finished-at="2024-11-08T09:05:19 IST" duration-ms="3175" status="PASS">
          <params>
            <param index="0">
              <value>
                <![CDATA[lindab]]>
              </value>
            </param>
          </params>
          <reporter-output>
          </reporter-output>
        </test-method> <!-- testDeleteUser -->
      </class> <!-- api.test.DataDrivenTests -->
      <class name="api.test.UserTests">
        <test-method is-config="true" signature="setup()[pri:0, instance:api.test.UserTests@6fa51cd4]" started-at="2024-11-08T09:05:19 IST" name="setup" finished-at="2024-11-08T09:05:20 IST" duration-ms="196" status="PASS">
          <reporter-output>
          </reporter-output>
        </test-method> <!-- setup -->
        <test-method signature="testPostUser()[pri:1, instance:api.test.UserTests@6fa51cd4]" started-at="2024-11-08T09:05:20 IST" name="testPostUser" finished-at="2024-11-08T09:05:21 IST" duration-ms="1329" status="PASS">
          <reporter-output>
          </reporter-output>
        </test-method> <!-- testPostUser -->
        <test-method signature="testGetUserByName()[pri:2, instance:api.test.UserTests@6fa51cd4]" started-at="2024-11-08T09:05:21 IST" name="testGetUserByName" finished-at="2024-11-08T09:05:22 IST" duration-ms="1302" status="PASS">
          <reporter-output>
          </reporter-output>
        </test-method> <!-- testGetUserByName -->
        <test-method signature="testUpdateUser()[pri:3, instance:api.test.UserTests@6fa51cd4]" started-at="2024-11-08T09:05:22 IST" name="testUpdateUser" finished-at="2024-11-08T09:05:25 IST" duration-ms="2981" status="PASS">
          <reporter-output>
          </reporter-output>
        </test-method> <!-- testUpdateUser -->
        <test-method signature="testDeleteUserByName()[pri:4, instance:api.test.UserTests@6fa51cd4]" started-at="2024-11-08T09:05:25 IST" name="testDeleteUserByName" finished-at="2024-11-08T09:05:27 IST" duration-ms="1552" status="PASS">
          <reporter-output>
          </reporter-output>
        </test-method> <!-- testDeleteUserByName -->
      </class> <!-- api.test.UserTests -->
    </test> <!-- PetTest -->
  </suite> <!-- PetSuite -->
</testng-results>
