<?xml version="1.0" encoding="UTF-8"?>
<!-- Generated by org.testng.reporters.JUnitXMLReporter -->
<testsuite ignored="0" hostname="dj-book" failures="0" tests="24" name="PetTest" time="49.216" errors="0" timestamp="2024-11-08T09:05:27 IST">
  <testcase classname="api.test.DataDrivenTests" name="testPostUser" time="3.605"/>
  <testcase classname="api.test.DataDrivenTests" name="testPostUser" time="1.262"/>
  <testcase classname="api.test.DataDrivenTests" name="testPostUser" time="1.096"/>
  <testcase classname="api.test.DataDrivenTests" name="testPostUser" time="1.066"/>
  <testcase classname="api.test.DataDrivenTests" name="testPostUser" time="1.083"/>
  <testcase classname="api.test.DataDrivenTests" name="testPostUser" time="1.103"/>
  <testcase classname="api.test.DataDrivenTests" name="testPostUser" time="1.134"/>
  <testcase classname="api.test.DataDrivenTests" name="testPostUser" time="1.122"/>
  <testcase classname="api.test.DataDrivenTests" name="testPostUser" time="1.116"/>
  <testcase classname="api.test.DataDrivenTests" name="testPostUser" time="1.11"/>
  <testcase classname="api.test.DataDrivenTests" name="testDeleteUser" time="2.336"/>
  <testcase classname="api.test.DataDrivenTests" name="testDeleteUser" time="2.183"/>
  <testcase classname="api.test.DataDrivenTests" name="testDeleteUser" time="2.373"/>
  <testcase classname="api.test.DataDrivenTests" name="testDeleteUser" time="2.665"/>
  <testcase classname="api.test.DataDrivenTests" name="testDeleteUser" time="2.86"/>
  <testcase classname="api.test.DataDrivenTests" name="testDeleteUser" time="2.585"/>
  <testcase classname="api.test.DataDrivenTests" name="testDeleteUser" time="2.342"/>
  <testcase classname="api.test.DataDrivenTests" name="testDeleteUser" time="2.744"/>
  <testcase classname="api.test.DataDrivenTests" name="testDeleteUser" time="3.172"/>
  <testcase classname="api.test.DataDrivenTests" name="testDeleteUser" time="3.175"/>
  <testcase classname="api.test.UserTests" name="testPostUser" time="1.329"/>
  <testcase classname="api.test.UserTests" name="testGetUserByName" time="1.302"/>
  <testcase classname="api.test.UserTests" name="testUpdateUser" time="2.981"/>
  <testcase classname="api.test.UserTests" name="testDeleteUserByName" time="1.552"/>
</testsuite> <!-- PetTest -->
